build/outputs/logs/manifest-merger-debug-report.txt
-- Merging decision tree log ---
manifest
ADDED from src/main/AndroidManifest.xml:2:1-29:12
	package
		ADDED from src/main/AndroidManifest.xml:3:2-32
	android:versionName
		ADDED from src/main/AndroidManifest.xml:4:2-27
		INJECTED from src/main/AndroidManifest.xml
		INJECTED from src/main/AndroidManifest.xml
	android:versionCode
		ADDED from src/main/AndroidManifest.xml:3:33-56
		INJECTED from src/main/AndroidManifest.xml
		INJECTED from src/main/AndroidManifest.xml
	xmlns:android
		ADDED from src/main/AndroidManifest.xml:2:11-69
uses-sdk
ADDED from src/main/AndroidManifest.xml:5:2-70
	android:targetSdkVersion
		ADDED from src/main/AndroidManifest.xml:5:38-67
	android:minSdkVersion
		ADDED from src/main/AndroidManifest.xml:5:12-37
application
ADDED from src/main/AndroidManifest.xml:6:2-28:16
	android:label
		ADDED from src/main/AndroidManifest.xml:6:45-77
	android:icon
		ADDED from src/main/AndroidManifest.xml:6:15-44
uses-library#com.android.future.usb.accessory
ADDED from src/main/AndroidManifest.xml:7:3-8:31
	android:required
		ADDED from src/main/AndroidManifest.xml:8:4-28
	android:name
		ADDED from src/main/AndroidManifest.xml:7:17-64
activity#ioio.examples.simple.IOIOSimpleApp
ADDED from src/main/AndroidManifest.xml:10:3-27:14
	android:label
		ADDED from src/main/AndroidManifest.xml:11:55-87
	android:launchMode
		ADDED from src/main/AndroidManifest.xml:12:4-35
	android:configChanges
		ADDED from src/main/AndroidManifest.xml:11:4-54
	android:name
		ADDED from src/main/AndroidManifest.xml:10:13-42
intent-filter#android.intent.action.MAIN+android.intent.category.LAUNCHER
ADDED from src/main/AndroidManifest.xml:13:4-16:20
action#android.intent.action.MAIN
ADDED from src/main/AndroidManifest.xml:14:5-57
	android:name
		ADDED from src/main/AndroidManifest.xml:14:13-54
category#android.intent.category.LAUNCHER
ADDED from src/main/AndroidManifest.xml:15:5-65
	android:name
		ADDED from src/main/AndroidManifest.xml:15:15-62
intent-filter#android.hardware.usb.action.USB_ACCESSORY_ATTACHED
ADDED from src/main/AndroidManifest.xml:17:4-19:20
action#android.hardware.usb.action.USB_ACCESSORY_ATTACHED
ADDED from src/main/AndroidManifest.xml:18:5-81
	android:name
		ADDED from src/main/AndroidManifest.xml:18:13-78
intent-filter#android.hardware.usb.action.USB_DEVICE_ATTACHED
ADDED from src/main/AndroidManifest.xml:20:4-22:20
action#android.hardware.usb.action.USB_DEVICE_ATTACHED
ADDED from src/main/AndroidManifest.xml:21:5-78
	android:name
		ADDED from src/main/AndroidManifest.xml:21:13-75
meta-data#android.hardware.usb.action.USB_ACCESSORY_ATTACHED
ADDED from src/main/AndroidManifest.xml:23:4-24:48
	android:resource
		ADDED from src/main/AndroidManifest.xml:24:5-45
	android:name
		ADDED from src/main/AndroidManifest.xml:23:15-80
meta-data#android.hardware.usb.action.USB_DEVICE_ATTACHED
ADDED from src/main/AndroidManifest.xml:25:4-26:45
	android:resource
		ADDED from src/main/AndroidManifest.xml:26:5-42
	android:name
		ADDED from src/main/AndroidManifest.xml:25:15-77
uses-permission#android.permission.BLUETOOTH
ADDED from [com.github.ytai.ioio:IOIOLibAndroidBluetooth:5.05] AndroidManifest.xml:7:5-68
	android:name
		ADDED from [com.github.ytai.ioio:IOIOLibAndroidBluetooth:5.05] AndroidManifest.xml:7:22-65
uses-permission#android.permission.WRITE_EXTERNAL_STORAGE
IMPLIED from src/main/AndroidManifest.xml:2:1-29:12 reason: ioio.lib.bluetooth has a targetSdkVersion < 4
uses-permission#android.permission.READ_PHONE_STATE
IMPLIED from src/main/AndroidManifest.xml:2:1-29:12 reason: ioio.lib.bluetooth has a targetSdkVersion < 4
uses-permission#android.permission.READ_EXTERNAL_STORAGE
IMPLIED from src/main/AndroidManifest.xml:2:1-29:12 reason: ioio.lib.bluetooth requested WRITE_EXTERNAL_STORAGE
uses-feature#android.hardware.usb.accessory
ADDED from [com.github.ytai.ioio:IOIOLibAndroidAccessory:5.05] AndroidManifest.xml:7:5-9:36
	android:required
		ADDED from [com.github.ytai.ioio:IOIOLibAndroidAccessory:5.05] AndroidManifest.xml:9:9-33
	android:name
		ADDED from [com.github.ytai.ioio:IOIOLibAndroidAccessory:5.05] AndroidManifest.xml:8:9-54
uses-feature#android.hardware.usb.host
ADDED from [com.github.ytai.ioio:IOIOLibAndroidDevice:5.05] AndroidManifest.xml:7:5-9:36
	android:required
		ADDED from [com.github.ytai.ioio:IOIOLibAndroidDevice:5.05] AndroidManifest.xml:9:9-33
	android:name
		ADDED from [com.github.ytai.ioio:IOIOLibAndroidDevice:5.05] AndroidManifest.xml:8:9-49
uses-permission#android.permission.INTERNET
ADDED from [com.github.ytai.ioio:IOIOLibAndroid:5.05] AndroidManifest.xml:7:5-67
	android:name
		ADDED from [com.github.ytai.ioio:IOIOLibAndroid:5.05] AndroidManifest.xml:7:22-64